<?xml version="1.0" encoding="UTF-8"?>
<coverage generated="1583314801847" clover="3.2.0">
  <project timestamp="1583314801847" name="All files">
    <metrics statements="649" coveredstatements="649" conditionals="304" coveredconditionals="304" methods="115" coveredmethods="111" elements="1068" coveredelements="1064" complexity="0" loc="649" ncloc="649" packages="2" files="7" classes="7"/>
    <package name="proto-parser">
      <metrics statements="12" coveredstatements="12" conditionals="3" coveredconditionals="3" methods="1" coveredmethods="1"/>
      <file name="index.js" path="/Users/lancewu/Documents/code/proto-parser/index.js">
        <metrics statements="12" coveredstatements="12" conditionals="3" coveredconditionals="3" methods="1" coveredmethods="1"/>
        <line num="1" count="1" type="stmt"/>
        <line num="2" count="1" type="stmt"/>
        <line num="5" count="36" type="stmt"/>
        <line num="6" count="36" type="stmt"/>
        <line num="7" count="22" type="stmt"/>
        <line num="8" count="22" type="stmt"/>
        <line num="10" count="14" type="stmt"/>
        <line num="11" count="14" type="stmt"/>
        <line num="13" count="14" type="cond" truecount="2" falsecount="0"/>
        <line num="14" count="10" type="stmt"/>
        <line num="17" count="14" type="stmt"/>
        <line num="26" count="1" type="stmt"/>
      </file>
    </package>
    <package name="proto-parser.src">
      <metrics statements="637" coveredstatements="637" conditionals="301" coveredconditionals="301" methods="114" coveredmethods="110"/>
      <file name="construct.js" path="/Users/lancewu/Documents/code/proto-parser/src/construct.js">
        <metrics statements="229" coveredstatements="229" conditionals="95" coveredconditionals="95" methods="52" coveredmethods="52"/>
        <line num="3" count="1" type="stmt"/>
        <line num="4" count="1" type="stmt"/>
        <line num="6" count="1" type="stmt"/>
        <line num="20" count="114" type="stmt"/>
        <line num="21" count="114" type="stmt"/>
        <line num="22" count="114" type="stmt"/>
        <line num="23" count="114" type="stmt"/>
        <line num="24" count="114" type="stmt"/>
        <line num="33" count="26" type="stmt"/>
        <line num="37" count="85" type="cond" truecount="2" falsecount="0"/>
        <line num="38" count="78" type="stmt"/>
        <line num="39" count="78" type="stmt"/>
        <line num="41" count="78" type="stmt"/>
        <line num="42" count="98" type="stmt"/>
        <line num="43" count="98" type="stmt"/>
        <line num="46" count="78" type="stmt"/>
        <line num="47" count="78" type="stmt"/>
        <line num="51" count="62" type="stmt"/>
        <line num="55" count="78" type="stmt"/>
        <line num="56" count="78" type="stmt"/>
        <line num="60" count="80" type="stmt"/>
        <line num="78" count="35" type="stmt"/>
        <line num="79" count="35" type="stmt"/>
        <line num="91" count="35" type="cond" truecount="2" falsecount="0"/>
        <line num="92" count="32" type="stmt"/>
        <line num="105" count="35" type="stmt"/>
        <line num="106" count="35" type="cond" truecount="4" falsecount="0"/>
        <line num="107" count="35" type="stmt"/>
        <line num="108" count="35" type="cond" truecount="2" falsecount="0"/>
        <line num="109" count="35" type="stmt"/>
        <line num="110" count="35" type="stmt"/>
        <line num="111" count="35" type="stmt"/>
        <line num="112" count="35" type="stmt"/>
        <line num="113" count="35" type="stmt"/>
        <line num="121" count="28" type="stmt"/>
        <line num="122" count="28" type="stmt"/>
        <line num="123" count="28" type="stmt"/>
        <line num="127" count="28" type="stmt"/>
        <line num="128" count="28" type="stmt"/>
        <line num="139" count="28" type="stmt"/>
        <line num="140" count="28" type="stmt"/>
        <line num="146" count="3" type="stmt"/>
        <line num="147" count="3" type="stmt"/>
        <line num="148" count="3" type="stmt"/>
        <line num="149" count="3" type="stmt"/>
        <line num="161" count="1" type="stmt"/>
        <line num="162" count="1" type="stmt"/>
        <line num="169" count="1" type="cond" truecount="2" falsecount="0"/>
        <line num="170" count="1" type="stmt"/>
        <line num="171" count="1" type="stmt"/>
        <line num="175" count="1" type="stmt"/>
        <line num="176" count="1" type="stmt"/>
        <line num="177" count="1" type="stmt"/>
        <line num="182" count="2" type="cond" truecount="1" falsecount="0"/>
        <line num="186" count="2" type="stmt"/>
        <line num="187" count="2" type="stmt"/>
        <line num="188" count="2" type="stmt"/>
        <line num="189" count="2" type="stmt"/>
        <line num="190" count="2" type="stmt"/>
        <line num="194" count="1" type="stmt"/>
        <line num="195" count="1" type="stmt"/>
        <line num="198" count="1" type="stmt"/>
        <line num="199" count="2" type="stmt"/>
        <line num="209" count="1" type="stmt"/>
        <line num="215" count="75" type="stmt"/>
        <line num="216" count="75" type="stmt"/>
        <line num="217" count="75" type="stmt"/>
        <line num="234" count="33" type="cond" truecount="2" falsecount="0"/>
        <line num="235" count="33" type="stmt"/>
        <line num="236" count="33" type="stmt"/>
        <line num="238" count="33" type="stmt"/>
        <line num="242" count="38" type="stmt"/>
        <line num="244" count="38" type="cond" truecount="2" falsecount="0"/>
        <line num="245" count="4" type="stmt"/>
        <line num="246" count="4" type="cond" truecount="2" falsecount="0"/>
        <line num="251" count="2" type="stmt"/>
        <line num="256" count="36" type="stmt"/>
        <line num="260" count="36" type="stmt"/>
        <line num="262" count="36" type="cond" truecount="2" falsecount="0"/>
        <line num="263" count="2" type="stmt"/>
        <line num="271" count="34" type="stmt"/>
        <line num="282" count="4" type="cond" truecount="5" falsecount="0"/>
        <line num="283" count="1" type="stmt"/>
        <line num="286" count="3" type="stmt"/>
        <line num="287" count="3" type="stmt"/>
        <line num="288" count="4" type="stmt"/>
        <line num="301" count="3" type="stmt"/>
        <line num="310" count="28" type="stmt"/>
        <line num="311" count="28" type="stmt"/>
        <line num="315" count="46" type="stmt"/>
        <line num="316" count="46" type="stmt"/>
        <line num="317" count="45" type="stmt"/>
        <line num="332" count="14" type="cond" truecount="4" falsecount="0"/>
        <line num="334" count="8" type="stmt"/>
        <line num="347" count="7" type="cond" truecount="2" falsecount="0"/>
        <line num="348" count="6" type="stmt"/>
        <line num="350" count="1" type="stmt"/>
        <line num="354" count="49" type="stmt"/>
        <line num="355" count="49" type="stmt"/>
        <line num="356" count="49" type="stmt"/>
        <line num="357" count="49" type="stmt"/>
        <line num="363" count="26" type="stmt"/>
        <line num="364" count="26" type="stmt"/>
        <line num="365" count="26" type="stmt"/>
        <line num="366" count="26" type="stmt"/>
        <line num="367" count="26" type="stmt"/>
        <line num="368" count="26" type="stmt"/>
        <line num="369" count="26" type="stmt"/>
        <line num="377" count="39" type="stmt"/>
        <line num="385" count="37" type="cond" truecount="2" falsecount="0"/>
        <line num="386" count="1" type="stmt"/>
        <line num="389" count="36" type="cond" truecount="4" falsecount="0"/>
        <line num="395" count="31" type="cond" truecount="2" falsecount="0"/>
        <line num="400" count="1" type="stmt"/>
        <line num="403" count="30" type="cond" truecount="2" falsecount="0"/>
        <line num="404" count="1" type="stmt"/>
        <line num="407" count="29" type="cond" truecount="2" falsecount="0"/>
        <line num="408" count="1" type="stmt"/>
        <line num="412" count="28" type="stmt"/>
        <line num="414" count="28" type="stmt"/>
        <line num="415" count="28" type="stmt"/>
        <line num="418" count="5" type="cond" truecount="2" falsecount="0"/>
        <line num="421" count="1" type="stmt"/>
        <line num="422" count="1" type="stmt"/>
        <line num="423" count="1" type="stmt"/>
        <line num="426" count="4" type="stmt"/>
        <line num="431" count="31" type="cond" truecount="1" falsecount="0"/>
        <line num="435" count="31" type="stmt"/>
        <line num="436" count="31" type="stmt"/>
        <line num="437" count="69" type="stmt"/>
        <line num="438" count="69" type="stmt"/>
        <line num="441" count="69" type="cond" truecount="1" falsecount="0"/>
        <line num="445" count="69" type="stmt"/>
        <line num="447" count="31" type="stmt"/>
        <line num="451" count="33" type="stmt"/>
        <line num="452" count="33" type="stmt"/>
        <line num="453" count="33" type="stmt"/>
        <line num="454" count="33" type="stmt"/>
        <line num="458" count="18" type="stmt"/>
        <line num="459" count="18" type="stmt"/>
        <line num="461" count="18" type="stmt"/>
        <line num="465" count="20" type="stmt"/>
        <line num="466" count="20" type="stmt"/>
        <line num="467" count="20" type="stmt"/>
        <line num="468" count="20" type="stmt"/>
        <line num="470" count="20" type="stmt"/>
        <line num="476" count="5" type="stmt"/>
        <line num="477" count="5" type="stmt"/>
        <line num="484" count="5" type="stmt"/>
        <line num="485" count="5" type="stmt"/>
        <line num="486" count="5" type="stmt"/>
        <line num="487" count="5" type="cond" truecount="2" falsecount="0"/>
        <line num="488" count="5" type="stmt"/>
        <line num="512" count="9" type="cond" truecount="2" falsecount="0"/>
        <line num="513" count="1" type="stmt"/>
        <line num="516" count="8" type="cond" truecount="2" falsecount="0"/>
        <line num="517" count="1" type="stmt"/>
        <line num="520" count="7" type="cond" truecount="2" falsecount="0"/>
        <line num="521" count="1" type="stmt"/>
        <line num="524" count="6" type="cond" truecount="2" falsecount="0"/>
        <line num="525" count="2" type="cond" truecount="4" falsecount="0"/>
        <line num="526" count="1" type="stmt"/>
        <line num="529" count="1" type="stmt"/>
        <line num="531" count="4" type="stmt"/>
        <line num="534" count="5" type="stmt"/>
        <line num="535" count="5" type="stmt"/>
        <line num="539" count="1" type="stmt"/>
        <line num="540" count="1" type="stmt"/>
        <line num="541" count="1" type="stmt"/>
        <line num="547" count="4" type="stmt"/>
        <line num="548" count="4" type="stmt"/>
        <line num="550" count="4" type="stmt"/>
        <line num="551" count="4" type="stmt"/>
        <line num="556" count="4" type="cond" truecount="1" falsecount="0"/>
        <line num="560" count="4" type="cond" truecount="2" falsecount="0"/>
        <line num="561" count="3" type="stmt"/>
        <line num="562" count="3" type="stmt"/>
        <line num="563" count="3" type="stmt"/>
        <line num="566" count="1" type="stmt"/>
        <line num="570" count="4" type="stmt"/>
        <line num="576" count="4" type="stmt"/>
        <line num="577" count="4" type="stmt"/>
        <line num="581" count="4" type="stmt"/>
        <line num="582" count="3" type="stmt"/>
        <line num="586" count="3" type="stmt"/>
        <line num="587" count="3" type="stmt"/>
        <line num="588" count="3" type="stmt"/>
        <line num="614" count="3" type="cond" truecount="3" falsecount="0"/>
        <line num="619" count="3" type="cond" truecount="1" falsecount="0"/>
        <line num="624" count="3" type="cond" truecount="1" falsecount="0"/>
        <line num="628" count="3" type="stmt"/>
        <line num="629" count="3" type="stmt"/>
        <line num="631" count="3" type="stmt"/>
        <line num="634" count="3" type="stmt"/>
        <line num="637" count="3" type="stmt"/>
        <line num="641" count="3" type="stmt"/>
        <line num="642" count="3" type="stmt"/>
        <line num="643" count="2" type="stmt"/>
        <line num="644" count="2" type="stmt"/>
        <line num="648" count="2" type="stmt"/>
        <line num="649" count="2" type="stmt"/>
        <line num="653" count="2" type="stmt"/>
        <line num="659" count="36" type="stmt"/>
        <line num="660" count="36" type="stmt"/>
        <line num="667" count="3" type="cond" truecount="2" falsecount="0"/>
        <line num="668" count="1" type="stmt"/>
        <line num="680" count="131" type="stmt"/>
        <line num="682" count="131" type="stmt"/>
        <line num="683" count="1732" type="cond" truecount="2" falsecount="0"/>
        <line num="684" count="613" type="stmt"/>
        <line num="688" count="131" type="stmt"/>
        <line num="692" count="92" type="cond" truecount="2" falsecount="0"/>
        <line num="693" count="49" type="stmt"/>
        <line num="695" count="49" type="stmt"/>
        <line num="696" count="59" type="stmt"/>
        <line num="699" count="49" type="stmt"/>
        <line num="703" count="86" type="cond" truecount="2" falsecount="0"/>
        <line num="705" count="47" type="stmt"/>
        <line num="706" count="59" type="stmt"/>
        <line num="711" count="33" type="cond" truecount="2" falsecount="0"/>
        <line num="712" count="10" type="stmt"/>
        <line num="715" count="10" type="cond" truecount="2" falsecount="0"/>
        <line num="716" count="8" type="stmt"/>
        <line num="717" count="8" type="cond" truecount="2" falsecount="0"/>
        <line num="718" count="1" type="stmt"/>
        <line num="721" count="2" type="stmt"/>
        <line num="724" count="9" type="stmt"/>
        <line num="727" count="32" type="stmt"/>
        <line num="730" count="1" type="stmt"/>
      </file>
      <file name="parse.js" path="/Users/lancewu/Documents/code/proto-parser/src/parse.js">
        <metrics statements="279" coveredstatements="279" conditionals="149" coveredconditionals="149" methods="39" coveredmethods="36"/>
        <line num="3" count="1" type="stmt"/>
        <line num="5" count="1" type="stmt"/>
        <line num="6" count="1" type="stmt"/>
        <line num="13" count="1" type="stmt"/>
        <line num="14" count="1" type="stmt"/>
        <line num="15" count="1" type="stmt"/>
        <line num="25" count="1" type="stmt"/>
        <line num="27" count="1" type="stmt"/>
        <line num="28" count="1" type="stmt"/>
        <line num="29" count="1" type="stmt"/>
        <line num="30" count="1" type="stmt"/>
        <line num="31" count="1" type="stmt"/>
        <line num="32" count="1" type="stmt"/>
        <line num="33" count="1" type="stmt"/>
        <line num="34" count="1" type="stmt"/>
        <line num="35" count="1" type="stmt"/>
        <line num="36" count="1" type="stmt"/>
        <line num="72" count="36" type="stmt"/>
        <line num="74" count="36" type="stmt"/>
        <line num="76" count="36" type="cond" truecount="2" falsecount="0"/>
        <line num="77" count="36" type="stmt"/>
        <line num="78" count="36" type="stmt"/>
        <line num="79" count="36" type="stmt"/>
        <line num="80" count="36" type="stmt"/>
        <line num="81" count="36" type="stmt"/>
        <line num="83" count="36" type="stmt"/>
        <line num="88" count="36" type="stmt"/>
        <line num="90" count="36" type="stmt"/>
        <line num="92" count="36" type="cond" truecount="2" falsecount="0"/>
        <line num="94" count="35" type="stmt"/>
        <line num="110" count="54" type="stmt"/>
        <line num="112" count="54" type="stmt"/>
        <line num="114" count="54" type="cond" truecount="3" falsecount="0"/>
        <line num="116" count="54" type="stmt"/>
        <line num="117" count="54" type="stmt"/>
        <line num="118" count="54" type="stmt"/>
        <line num="120" count="54" type="stmt"/>
        <line num="124" count="27" type="stmt"/>
        <line num="125" count="27" type="cond" truecount="6" falsecount="0"/>
        <line num="128" count="11" type="stmt"/>
        <line num="129" count="11" type="stmt"/>
        <line num="132" count="1" type="stmt"/>
        <line num="135" count="1" type="stmt"/>
        <line num="137" count="14" type="stmt"/>
        <line num="138" count="14" type="stmt"/>
        <line num="141" count="5" type="cond" truecount="3" falsecount="0"/>
        <line num="151" count="9" type="stmt"/>
        <line num="152" count="14" type="cond" truecount="5" falsecount="0"/>
        <line num="153" count="6" type="stmt"/>
        <line num="155" count="8" type="stmt"/>
        <line num="160" count="9" type="stmt"/>
        <line num="164" count="14" type="stmt"/>
        <line num="165" count="14" type="cond" truecount="2" falsecount="0"/>
        <line num="166" count="1" type="stmt"/>
        <line num="167" count="1" type="stmt"/>
        <line num="184" count="11" type="cond" truecount="2" falsecount="0"/>
        <line num="185" count="7" type="cond" truecount="2" falsecount="0"/>
        <line num="186" count="6" type="cond" truecount="2" falsecount="0"/>
        <line num="196" count="57" type="cond" truecount="4" falsecount="0"/>
        <line num="200" count="1" type="stmt"/>
        <line num="202" count="1" type="stmt"/>
        <line num="206" count="55" type="cond" truecount="3" falsecount="0"/>
        <line num="223" count="5" type="cond" truecount="1" falsecount="0"/>
        <line num="225" count="5" type="stmt"/>
        <line num="228" count="5" type="cond" truecount="1" falsecount="0"/>
        <line num="230" count="4" type="stmt"/>
        <line num="231" count="3" type="stmt"/>
        <line num="235" count="3" type="stmt"/>
        <line num="237" count="3" type="cond" truecount="3" falsecount="0"/>
        <line num="239" count="1" type="cond" truecount="2" falsecount="0"/>
        <line num="240" count="1" type="stmt"/>
        <line num="241" count="1" type="stmt"/>
        <line num="243" count="1" type="stmt"/>
        <line num="246" count="2" type="cond" truecount="2" falsecount="0"/>
        <line num="247" count="2" type="stmt"/>
        <line num="249" count="3" type="stmt"/>
        <line num="250" count="3" type="stmt"/>
        <line num="251" count="3" type="stmt"/>
        <line num="255" count="35" type="stmt"/>
        <line num="256" count="34" type="stmt"/>
        <line num="257" count="34" type="stmt"/>
        <line num="262" count="34" type="stmt"/>
        <line num="266" count="81" type="cond" truecount="5" falsecount="0"/>
        <line num="268" count="5" type="stmt"/>
        <line num="269" count="5" type="stmt"/>
        <line num="270" count="5" type="stmt"/>
        <line num="273" count="25" type="stmt"/>
        <line num="274" count="20" type="stmt"/>
        <line num="277" count="5" type="stmt"/>
        <line num="278" count="1" type="stmt"/>
        <line num="281" count="4" type="stmt"/>
        <line num="282" count="4" type="stmt"/>
        <line num="285" count="3" type="stmt"/>
        <line num="286" count="3" type="stmt"/>
        <line num="288" count="39" type="stmt"/>
        <line num="292" count="85" type="stmt"/>
        <line num="293" count="85" type="cond" truecount="2" falsecount="0"/>
        <line num="294" count="82" type="cond" truecount="2" falsecount="0"/>
        <line num="295" count="79" type="stmt"/>
        <line num="297" count="82" type="stmt"/>
        <line num="299" count="85" type="cond" truecount="2" falsecount="0"/>
        <line num="301" count="72" type="stmt"/>
        <line num="302" count="31" type="stmt"/>
        <line num="304" count="45" type="cond" truecount="2" falsecount="0"/>
        <line num="305" count="45" type="stmt"/>
        <line num="306" count="45" type="cond" truecount="4" falsecount="0"/>
        <line num="307" count="41" type="stmt"/>
        <line num="313" count="25" type="cond" truecount="1" falsecount="0"/>
        <line num="315" count="25" type="stmt"/>
        <line num="316" count="25" type="stmt"/>
        <line num="317" count="42" type="cond" truecount="2" falsecount="0"/>
        <line num="319" count="35" type="cond" truecount="8" falsecount="0"/>
        <line num="321" count="3" type="stmt"/>
        <line num="322" count="3" type="stmt"/>
        <line num="327" count="4" type="stmt"/>
        <line num="328" count="4" type="stmt"/>
        <line num="331" count="1" type="stmt"/>
        <line num="332" count="1" type="stmt"/>
        <line num="335" count="1" type="cond" truecount="2" falsecount="0"/>
        <line num="336" count="1" type="stmt"/>
        <line num="339" count="4" type="cond" truecount="2" falsecount="0"/>
        <line num="340" count="4" type="stmt"/>
        <line num="344" count="22" type="cond" truecount="3" falsecount="0"/>
        <line num="346" count="22" type="stmt"/>
        <line num="347" count="22" type="stmt"/>
        <line num="348" count="17" type="stmt"/>
        <line num="351" count="20" type="stmt"/>
        <line num="355" count="33" type="stmt"/>
        <line num="356" count="33" type="cond" truecount="2" falsecount="0"/>
        <line num="357" count="1" type="stmt"/>
        <line num="358" count="1" type="stmt"/>
        <line num="362" count="32" type="cond" truecount="1" falsecount="0"/>
        <line num="364" count="32" type="stmt"/>
        <line num="367" count="32" type="cond" truecount="1" falsecount="0"/>
        <line num="369" count="32" type="stmt"/>
        <line num="370" count="32" type="stmt"/>
        <line num="372" count="32" type="stmt"/>
        <line num="373" count="31" type="stmt"/>
        <line num="383" count="31" type="stmt"/>
        <line num="386" count="31" type="stmt"/>
        <line num="401" count="1" type="stmt"/>
        <line num="404" count="1" type="cond" truecount="1" falsecount="0"/>
        <line num="406" count="1" type="stmt"/>
        <line num="409" count="1" type="stmt"/>
        <line num="410" count="1" type="stmt"/>
        <line num="411" count="1" type="stmt"/>
        <line num="412" count="1" type="stmt"/>
        <line num="413" count="1" type="stmt"/>
        <line num="414" count="1" type="stmt"/>
        <line num="415" count="1" type="stmt"/>
        <line num="416" count="3" type="cond" truecount="4" falsecount="0"/>
        <line num="418" count="1" type="stmt"/>
        <line num="419" count="1" type="stmt"/>
        <line num="420" count="1" type="stmt"/>
        <line num="425" count="2" type="stmt"/>
        <line num="426" count="2" type="stmt"/>
        <line num="433" count="1" type="stmt"/>
        <line num="437" count="3" type="stmt"/>
        <line num="438" count="3" type="stmt"/>
        <line num="441" count="3" type="cond" truecount="1" falsecount="0"/>
        <line num="443" count="3" type="stmt"/>
        <line num="444" count="3" type="stmt"/>
        <line num="447" count="3" type="cond" truecount="1" falsecount="0"/>
        <line num="449" count="3" type="stmt"/>
        <line num="450" count="3" type="stmt"/>
        <line num="453" count="3" type="cond" truecount="1" falsecount="0"/>
        <line num="455" count="3" type="stmt"/>
        <line num="456" count="3" type="stmt"/>
        <line num="462" count="3" type="stmt"/>
        <line num="472" count="3" type="stmt"/>
        <line num="475" count="3" type="stmt"/>
        <line num="480" count="1" type="cond" truecount="1" falsecount="0"/>
        <line num="482" count="1" type="stmt"/>
        <line num="483" count="1" type="stmt"/>
        <line num="484" count="3" type="cond" truecount="2" falsecount="0"/>
        <line num="485" count="1" type="stmt"/>
        <line num="486" count="1" type="stmt"/>
        <line num="488" count="2" type="stmt"/>
        <line num="489" count="2" type="stmt"/>
        <line num="492" count="1" type="stmt"/>
        <line num="497" count="5" type="cond" truecount="1" falsecount="0"/>
        <line num="499" count="5" type="stmt"/>
        <line num="500" count="5" type="stmt"/>
        <line num="501" count="14" type="cond" truecount="3" falsecount="0"/>
        <line num="503" count="1" type="stmt"/>
        <line num="504" count="1" type="stmt"/>
        <line num="505" count="1" type="stmt"/>
        <line num="508" count="4" type="cond" truecount="2" falsecount="0"/>
        <line num="509" count="4" type="stmt"/>
        <line num="512" count="9" type="stmt"/>
        <line num="515" count="1" type="stmt"/>
        <line num="520" count="9" type="cond" truecount="1" falsecount="0"/>
        <line num="522" count="9" type="stmt"/>
        <line num="523" count="9" type="stmt"/>
        <line num="524" count="9" type="stmt"/>
        <line num="525" count="9" type="stmt"/>
        <line num="535" count="9" type="stmt"/>
        <line num="538" count="9" type="stmt"/>
        <line num="542" count="26" type="stmt"/>
        <line num="545" count="26" type="cond" truecount="1" falsecount="0"/>
        <line num="547" count="26" type="stmt"/>
        <line num="548" count="26" type="cond" truecount="2" falsecount="0"/>
        <line num="549" count="11" type="stmt"/>
        <line num="550" count="11" type="stmt"/>
        <line num="551" count="11" type="stmt"/>
        <line num="558" count="26" type="stmt"/>
        <line num="559" count="26" type="stmt"/>
        <line num="563" count="28" type="cond" truecount="2" falsecount="0"/>
        <line num="565" count="4" type="stmt"/>
        <line num="567" count="5" type="cond" truecount="1" falsecount="0"/>
        <line num="569" count="5" type="cond" truecount="2" falsecount="0"/>
        <line num="573" count="4" type="stmt"/>
        <line num="574" count="4" type="cond" truecount="2" falsecount="0"/>
        <line num="575" count="3" type="stmt"/>
        <line num="580" count="24" type="stmt"/>
        <line num="585" count="27" type="cond" truecount="2" falsecount="0"/>
        <line num="589" count="43" type="cond" truecount="2" falsecount="0"/>
        <line num="590" count="11" type="stmt"/>
        <line num="591" count="13" type="stmt"/>
        <line num="593" count="11" type="stmt"/>
        <line num="595" count="43" type="stmt"/>
        <line num="600" count="4" type="cond" truecount="1" falsecount="0"/>
        <line num="602" count="4" type="stmt"/>
        <line num="603" count="4" type="stmt"/>
        <line num="604" count="5" type="cond" truecount="2" falsecount="0"/>
        <line num="607" count="3" type="cond" truecount="1" falsecount="0"/>
        <line num="610" count="4" type="stmt"/>
        <line num="616" count="3" type="stmt"/>
        <line num="618" count="3" type="stmt"/>
        <line num="621" count="3" type="cond" truecount="1" falsecount="0"/>
        <line num="623" count="3" type="stmt"/>
        <line num="629" count="3" type="stmt"/>
        <line num="634" count="3" type="cond" truecount="1" falsecount="0"/>
        <line num="636" count="3" type="stmt"/>
        <line num="637" count="3" type="stmt"/>
        <line num="638" count="3" type="stmt"/>
        <line num="639" count="3" type="stmt"/>
        <line num="644" count="3" type="cond" truecount="1" falsecount="0"/>
        <line num="646" count="3" type="stmt"/>
        <line num="647" count="3" type="stmt"/>
        <line num="649" count="3" type="stmt"/>
        <line num="657" count="3" type="stmt"/>
        <line num="658" count="3" type="stmt"/>
        <line num="660" count="2" type="cond" truecount="1" falsecount="0"/>
        <line num="661" count="2" type="stmt"/>
        <line num="662" count="2" type="stmt"/>
        <line num="665" count="3" type="stmt"/>
        <line num="670" count="3" type="cond" truecount="1" falsecount="0"/>
        <line num="672" count="3" type="stmt"/>
        <line num="673" count="3" type="stmt"/>
        <line num="674" count="3" type="cond" truecount="4" falsecount="0"/>
        <line num="678" count="1" type="stmt"/>
        <line num="679" count="1" type="stmt"/>
        <line num="683" count="2" type="cond" truecount="3" falsecount="0"/>
        <line num="684" count="2" type="stmt"/>
        <line num="685" count="2" type="stmt"/>
        <line num="686" count="2" type="stmt"/>
        <line num="692" count="36" type="stmt"/>
        <line num="693" count="80" type="cond" truecount="5" falsecount="0"/>
        <line num="696" count="5" type="cond" truecount="1" falsecount="0"/>
        <line num="698" count="5" type="stmt"/>
        <line num="699" count="3" type="stmt"/>
        <line num="703" count="3" type="cond" truecount="1" falsecount="0"/>
        <line num="705" count="3" type="stmt"/>
        <line num="706" count="3" type="stmt"/>
        <line num="710" count="35" type="cond" truecount="1" falsecount="0"/>
        <line num="712" count="35" type="stmt"/>
        <line num="713" count="34" type="stmt"/>
        <line num="716" count="3" type="stmt"/>
        <line num="717" count="3" type="stmt"/>
        <line num="718" count="3" type="stmt"/>
        <line num="722" count="34" type="cond" truecount="1" falsecount="0"/>
        <line num="723" count="24" type="stmt"/>
        <line num="724" count="24" type="stmt"/>
        <line num="732" count="23" type="stmt"/>
        <line num="734" count="23" type="cond" truecount="2" falsecount="0"/>
        <line num="735" count="22" type="cond" truecount="2" falsecount="0"/>
        <line num="736" count="21" type="stmt"/>
        <line num="739" count="22" type="stmt"/>
      </file>
      <file name="tokenize.js" path="/Users/lancewu/Documents/code/proto-parser/src/tokenize.js">
        <metrics statements="100" coveredstatements="100" conditionals="49" coveredconditionals="49" methods="14" coveredmethods="13"/>
        <line num="3" count="1" type="stmt"/>
        <line num="5" count="1" type="stmt"/>
        <line num="6" count="1" type="stmt"/>
        <line num="7" count="1" type="stmt"/>
        <line num="9" count="1" type="stmt"/>
        <line num="10" count="1" type="stmt"/>
        <line num="11" count="1" type="stmt"/>
        <line num="12" count="1" type="stmt"/>
        <line num="13" count="1" type="stmt"/>
        <line num="15" count="1" type="stmt"/>
        <line num="30" count="54" type="stmt"/>
        <line num="42" count="1" type="stmt"/>
        <line num="103" count="36" type="stmt"/>
        <line num="105" count="36" type="stmt"/>
        <line num="106" count="36" type="stmt"/>
        <line num="107" count="36" type="stmt"/>
        <line num="108" count="36" type="stmt"/>
        <line num="109" count="36" type="stmt"/>
        <line num="110" count="36" type="stmt"/>
        <line num="111" count="36" type="stmt"/>
        <line num="113" count="36" type="stmt"/>
        <line num="115" count="36" type="stmt"/>
        <line num="138" count="54" type="cond" truecount="2" falsecount="0"/>
        <line num="139" count="54" type="stmt"/>
        <line num="140" count="54" type="stmt"/>
        <line num="143" count="54" type="stmt"/>
        <line num="144" count="54" type="stmt"/>
        <line num="145" count="54" type="stmt"/>
        <line num="146" count="54" type="stmt"/>
        <line num="156" count="6302" type="stmt"/>
        <line num="167" count="27" type="stmt"/>
        <line num="168" count="27" type="stmt"/>
        <line num="169" count="27" type="stmt"/>
        <line num="171" count="27" type="cond" truecount="2" falsecount="0"/>
        <line num="172" count="26" type="stmt"/>
        <line num="174" count="1" type="stmt"/>
        <line num="176" count="27" type="stmt"/>
        <line num="178" count="27" type="stmt"/>
        <line num="179" count="38" type="cond" truecount="4" falsecount="0"/>
        <line num="180" count="23" type="stmt"/>
        <line num="181" count="23" type="stmt"/>
        <line num="184" count="27" type="stmt"/>
        <line num="185" count="27" type="stmt"/>
        <line num="186" count="54" type="stmt"/>
        <line num="190" count="27" type="stmt"/>
        <line num="194" count="46" type="stmt"/>
        <line num="197" count="46" type="stmt"/>
        <line num="200" count="46" type="stmt"/>
        <line num="201" count="46" type="stmt"/>
        <line num="206" count="69" type="stmt"/>
        <line num="207" count="69" type="cond" truecount="2" falsecount="0"/>
        <line num="208" count="992" type="stmt"/>
        <line num="210" count="69" type="stmt"/>
        <line num="219" count="1435" type="cond" truecount="2" falsecount="0"/>
        <line num="220" count="891" type="cond" truecount="2" falsecount="0"/>
        <line num="226" count="837" type="stmt"/>
        <line num="227" count="866" type="cond" truecount="2" falsecount="0"/>
        <line num="228" count="847" type="stmt"/>
        <line num="229" count="847" type="stmt"/>
        <line num="230" count="931" type="cond" truecount="2" falsecount="0"/>
        <line num="231" count="931" type="cond" truecount="2" falsecount="0"/>
        <line num="234" count="824" type="cond" truecount="2" falsecount="0"/>
        <line num="239" count="29" type="cond" truecount="2" falsecount="0"/>
        <line num="241" count="25" type="cond" truecount="2" falsecount="0"/>
        <line num="243" count="2" type="stmt"/>
        <line num="245" count="2" type="stmt"/>
        <line num="251" count="2" type="stmt"/>
        <line num="256" count="2" type="stmt"/>
        <line num="257" count="2" type="stmt"/>
        <line num="260" count="23" type="stmt"/>
        <line num="261" count="23" type="stmt"/>
        <line num="281" count="23" type="stmt"/>
        <line num="282" count="23" type="stmt"/>
        <line num="315" count="795" type="stmt"/>
        <line num="316" count="795" type="stmt"/>
        <line num="317" count="795" type="stmt"/>
        <line num="318" count="1400" type="cond" truecount="4" falsecount="0"/>
        <line num="319" count="795" type="stmt"/>
        <line num="320" count="795" type="cond" truecount="4" falsecount="0"/>
        <line num="321" count="795" type="stmt"/>
        <line num="331" count="552" type="stmt"/>
        <line num="340" count="711" type="cond" truecount="2" falsecount="0"/>
        <line num="341" count="480" type="stmt"/>
        <line num="342" count="480" type="cond" truecount="2" falsecount="0"/>
        <line num="343" count="461" type="stmt"/>
        <line num="345" count="692" type="stmt"/>
        <line num="357" count="581" type="stmt"/>
        <line num="358" count="581" type="stmt"/>
        <line num="359" count="581" type="cond" truecount="2" falsecount="0"/>
        <line num="360" count="397" type="stmt"/>
        <line num="361" count="397" type="stmt"/>
        <line num="363" count="184" type="cond" truecount="2" falsecount="0"/>
        <line num="364" count="183" type="stmt"/>
        <line num="374" count="123" type="stmt"/>
        <line num="375" count="123" type="cond" truecount="2" falsecount="0"/>
        <line num="385" count="41" type="cond" truecount="1" falsecount="0"/>
        <line num="386" count="40" type="stmt"/>
        <line num="397" count="123" type="stmt"/>
        <line num="400" count="36" type="stmt"/>
        <line num="411" count="93" type="stmt"/>
      </file>
      <file name="ts_type.js" path="/Users/lancewu/Documents/code/proto-parser/src/ts_type.js">
        <metrics statements="6" coveredstatements="6" conditionals="2" coveredconditionals="2" methods="1" coveredmethods="1"/>
        <line num="1" count="1" type="stmt"/>
        <line num="21" count="1" type="stmt"/>
        <line num="39" count="44" type="cond" truecount="2" falsecount="0"/>
        <line num="42" count="44" type="stmt"/>
        <line num="47" count="44" type="stmt"/>
        <line num="50" count="1" type="stmt"/>
      </file>
      <file name="types.js" path="/Users/lancewu/Documents/code/proto-parser/src/types.js">
        <metrics statements="13" coveredstatements="13" conditionals="0" coveredconditionals="0" methods="1" coveredmethods="1"/>
        <line num="7" count="1" type="stmt"/>
        <line num="9" count="1" type="stmt"/>
        <line num="11" count="1" type="stmt"/>
        <line num="30" count="5" type="stmt"/>
        <line num="31" count="5" type="stmt"/>
        <line num="32" count="5" type="stmt"/>
        <line num="33" count="61" type="stmt"/>
        <line num="34" count="5" type="stmt"/>
        <line num="57" count="1" type="stmt"/>
        <line num="96" count="1" type="stmt"/>
        <line num="125" count="1" type="stmt"/>
        <line num="153" count="1" type="stmt"/>
        <line num="189" count="1" type="stmt"/>
      </file>
      <file name="util.js" path="/Users/lancewu/Documents/code/proto-parser/src/util.js">
        <metrics statements="10" coveredstatements="10" conditionals="6" coveredconditionals="6" methods="7" coveredmethods="7"/>
        <line num="1" count="1" type="stmt"/>
        <line num="7" count="76" type="cond" truecount="2" falsecount="0"/>
        <line num="11" count="174" type="stmt"/>
        <line num="18" count="44" type="stmt"/>
        <line num="26" count="1" type="stmt"/>
        <line num="28" count="1" type="stmt"/>
        <line num="29" count="1" type="stmt"/>
        <line num="33" count="1" type="stmt"/>
        <line num="37" count="1" type="stmt"/>
        <line num="40" count="1" type="stmt"/>
      </file>
    </package>
  </project>
</coverage>
