<?xml version="1.0" ?>
<!DOCTYPE coverage SYSTEM "http://cobertura.sourceforge.net/xml/coverage-04.dtd">
<coverage lines-valid="668" lines-covered="667" line-rate="0.9984999999999999" branches-valid="316" branches-covered="315" branch-rate="0.9968" timestamp="1634888680930" complexity="0" version="0.1">
  <sources>
    <source>/Users/wuliang/Documents/code/proto-parser</source>
  </sources>
  <packages>
    <package name="proto-parser" line-rate="1" branch-rate="1">
      <classes>
        <class name="index.js" filename="index.js" line-rate="1" branch-rate="1">
          <methods>
            <method name="parse" hits="40" signature="()V">
              <lines>
                <line number="4" hits="40"/>
              </lines>
            </method>
          </methods>
          <lines>
            <line number="1" hits="1" branch="false"/>
            <line number="2" hits="1" branch="false"/>
            <line number="5" hits="40" branch="false"/>
            <line number="6" hits="40" branch="false"/>
            <line number="7" hits="26" branch="false"/>
            <line number="8" hits="26" branch="false"/>
            <line number="10" hits="14" branch="false"/>
            <line number="11" hits="14" branch="false"/>
            <line number="13" hits="14" branch="true" condition-coverage="100% (2/2)"/>
            <line number="14" hits="10" branch="false"/>
            <line number="17" hits="14" branch="false"/>
            <line number="26" hits="1" branch="false"/>
          </lines>
        </class>
      </classes>
    </package>
    <package name="proto-parser.src" line-rate="0.9984999999999999" branch-rate="0.9968">
      <classes>
        <class name="construct.js" filename="src/construct.js" line-rate="0.9959" branch-rate="0.9903">
          <methods>
            <method name="setWeekResolve" hits="24" signature="()V">
              <lines>
                <line number="9" hits="24"/>
              </lines>
            </method>
            <method name="(anonymous_1)" hits="139" signature="()V">
              <lines>
                <line number="14" hits="139"/>
              </lines>
            </method>
            <method name="(anonymous_2)" hits="26" signature="()V">
              <lines>
                <line number="32" hits="26"/>
              </lines>
            </method>
            <method name="(anonymous_3)" hits="112" signature="()V">
              <lines>
                <line number="41" hits="112"/>
              </lines>
            </method>
            <method name="(anonymous_4)" hits="83" signature="()V">
              <lines>
                <line number="55" hits="83"/>
              </lines>
            </method>
            <method name="(anonymous_5)" hits="103" signature="()V">
              <lines>
                <line number="59" hits="103"/>
              </lines>
            </method>
            <method name="(anonymous_6)" hits="105" signature="()V">
              <lines>
                <line number="64" hits="105"/>
              </lines>
            </method>
            <method name="(anonymous_7)" hits="49" signature="()V">
              <lines>
                <line number="70" hits="49"/>
              </lines>
            </method>
            <method name="(anonymous_8)" hits="42" signature="()V">
              <lines>
                <line number="125" hits="42"/>
              </lines>
            </method>
            <method name="(anonymous_9)" hits="42" signature="()V">
              <lines>
                <line number="131" hits="42"/>
              </lines>
            </method>
            <method name="(anonymous_10)" hits="3" signature="()V">
              <lines>
                <line number="150" hits="3"/>
              </lines>
            </method>
            <method name="(anonymous_11)" hits="1" signature="()V">
              <lines>
                <line number="159" hits="1"/>
              </lines>
            </method>
            <method name="(anonymous_12)" hits="1" signature="()V">
              <lines>
                <line number="179" hits="1"/>
              </lines>
            </method>
            <method name="(anonymous_13)" hits="2" signature="()V">
              <lines>
                <line number="185" hits="2"/>
              </lines>
            </method>
            <method name="(anonymous_14)" hits="1" signature="()V">
              <lines>
                <line number="198" hits="1"/>
              </lines>
            </method>
            <method name="(anonymous_15)" hits="86" signature="()V">
              <lines>
                <line number="219" hits="86"/>
              </lines>
            </method>
            <method name="(anonymous_16)" hits="40" signature="()V">
              <lines>
                <line number="225" hits="40"/>
              </lines>
            </method>
            <method name="(anonymous_17)" hits="52" signature="()V">
              <lines>
                <line number="246" hits="52"/>
              </lines>
            </method>
            <method name="(anonymous_18)" hits="50" signature="()V">
              <lines>
                <line number="264" hits="50"/>
              </lines>
            </method>
            <method name="(anonymous_19)" hits="5" signature="()V">
              <lines>
                <line number="279" hits="5"/>
              </lines>
            </method>
            <method name="(anonymous_20)" hits="4" signature="()V">
              <lines>
                <line number="309" hits="4"/>
              </lines>
            </method>
            <method name="(anonymous_21)" hits="34" signature="()V">
              <lines>
                <line number="314" hits="34"/>
              </lines>
            </method>
            <method name="(anonymous_22)" hits="57" signature="()V">
              <lines>
                <line number="319" hits="57"/>
              </lines>
            </method>
            <method name="(anonymous_23)" hits="21" signature="()V">
              <lines>
                <line number="325" hits="21"/>
              </lines>
            </method>
            <method name="(anonymous_24)" hits="60" signature="()V">
              <lines>
                <line number="358" hits="60"/>
              </lines>
            </method>
            <method name="(anonymous_25)" hits="32" signature="()V">
              <lines>
                <line number="367" hits="32"/>
              </lines>
            </method>
            <method name="(anonymous_26)" hits="54" signature="()V">
              <lines>
                <line number="381" hits="54"/>
              </lines>
            </method>
            <method name="(anonymous_27)" hits="52" signature="()V">
              <lines>
                <line number="389" hits="52"/>
              </lines>
            </method>
            <method name="(anonymous_28)" hits="45" signature="()V">
              <lines>
                <line number="434" hits="45"/>
              </lines>
            </method>
            <method name="(anonymous_29)" hits="48" signature="()V">
              <lines>
                <line number="455" hits="48"/>
              </lines>
            </method>
            <method name="(anonymous_30)" hits="24" signature="()V">
              <lines>
                <line number="462" hits="24"/>
              </lines>
            </method>
            <method name="(anonymous_31)" hits="26" signature="()V">
              <lines>
                <line number="469" hits="26"/>
              </lines>
            </method>
            <method name="(anonymous_32)" hits="5" signature="()V">
              <lines>
                <line number="480" hits="5"/>
              </lines>
            </method>
            <method name="(anonymous_33)" hits="9" signature="()V">
              <lines>
                <line number="506" hits="9"/>
              </lines>
            </method>
            <method name="(anonymous_34)" hits="1" signature="()V">
              <lines>
                <line number="543" hits="1"/>
              </lines>
            </method>
            <method name="(anonymous_35)" hits="4" signature="()V">
              <lines>
                <line number="551" hits="4"/>
              </lines>
            </method>
            <method name="(anonymous_36)" hits="4" signature="()V">
              <lines>
                <line number="559" hits="4"/>
              </lines>
            </method>
            <method name="(anonymous_37)" hits="4" signature="()V">
              <lines>
                <line number="574" hits="4"/>
              </lines>
            </method>
            <method name="(anonymous_38)" hits="4" signature="()V">
              <lines>
                <line number="580" hits="4"/>
              </lines>
            </method>
            <method name="(anonymous_39)" hits="4" signature="()V">
              <lines>
                <line number="585" hits="4"/>
              </lines>
            </method>
            <method name="(anonymous_40)" hits="3" signature="()V">
              <lines>
                <line number="590" hits="3"/>
              </lines>
            </method>
            <method name="(anonymous_41)" hits="3" signature="()V">
              <lines>
                <line number="598" hits="3"/>
              </lines>
            </method>
            <method name="(anonymous_42)" hits="3" signature="()V">
              <lines>
                <line number="645" hits="3"/>
              </lines>
            </method>
            <method name="(anonymous_43)" hits="2" signature="()V">
              <lines>
                <line number="652" hits="2"/>
              </lines>
            </method>
            <method name="(anonymous_44)" hits="40" signature="()V">
              <lines>
                <line number="663" hits="40"/>
              </lines>
            </method>
            <method name="addFieldsToParent" hits="3" signature="()V">
              <lines>
                <line number="671" hits="3"/>
              </lines>
            </method>
            <method name="copyObject" hits="176" signature="()V">
              <lines>
                <line number="682" hits="176"/>
              </lines>
            </method>
            <method name="(anonymous_47)" hits="2378" signature="()V">
              <lines>
                <line number="687" hits="2378"/>
              </lines>
            </method>
            <method name="mapToJson" hits="115" signature="()V">
              <lines>
                <line number="696" hits="115"/>
              </lines>
            </method>
            <method name="(anonymous_49)" hits="80" signature="()V">
              <lines>
                <line number="700" hits="80"/>
              </lines>
            </method>
            <method name="mapResolve" hits="109" signature="()V">
              <lines>
                <line number="707" hits="109"/>
              </lines>
            </method>
            <method name="(anonymous_51)" hits="80" signature="()V">
              <lines>
                <line number="710" hits="80"/>
              </lines>
            </method>
            <method name="ResolveType" hits="47" signature="()V">
              <lines>
                <line number="715" hits="47"/>
              </lines>
            </method>
          </methods>
          <lines>
            <line number="3" hits="1" branch="false"/>
            <line number="4" hits="1" branch="false"/>
            <line number="6" hits="1" branch="false"/>
            <line number="7" hits="1" branch="false"/>
            <line number="10" hits="24" branch="false"/>
            <line number="25" hits="139" branch="false"/>
            <line number="26" hits="139" branch="false"/>
            <line number="27" hits="139" branch="false"/>
            <line number="28" hits="139" branch="false"/>
            <line number="29" hits="139" branch="false"/>
            <line number="38" hits="26" branch="false"/>
            <line number="42" hits="112" branch="true" condition-coverage="100% (2/2)"/>
            <line number="43" hits="103" branch="false"/>
            <line number="44" hits="103" branch="false"/>
            <line number="46" hits="103" branch="false"/>
            <line number="47" hits="138" branch="false"/>
            <line number="48" hits="138" branch="false"/>
            <line number="51" hits="103" branch="false"/>
            <line number="52" hits="103" branch="false"/>
            <line number="56" hits="83" branch="false"/>
            <line number="60" hits="103" branch="false"/>
            <line number="61" hits="103" branch="false"/>
            <line number="65" hits="105" branch="false"/>
            <line number="83" hits="49" branch="false"/>
            <line number="84" hits="49" branch="false"/>
            <line number="96" hits="49" branch="true" condition-coverage="100% (2/2)"/>
            <line number="97" hits="46" branch="false"/>
            <line number="110" hits="49" branch="false"/>
            <line number="111" hits="49" branch="true" condition-coverage="100% (4/4)"/>
            <line number="112" hits="49" branch="false"/>
            <line number="113" hits="49" branch="true" condition-coverage="100% (2/2)"/>
            <line number="114" hits="49" branch="false"/>
            <line number="115" hits="49" branch="false"/>
            <line number="116" hits="49" branch="false"/>
            <line number="117" hits="49" branch="false"/>
            <line number="118" hits="49" branch="false"/>
            <line number="126" hits="42" branch="false"/>
            <line number="127" hits="42" branch="false"/>
            <line number="128" hits="42" branch="false"/>
            <line number="132" hits="42" branch="false"/>
            <line number="133" hits="42" branch="false"/>
            <line number="144" hits="42" branch="false"/>
            <line number="145" hits="42" branch="false"/>
            <line number="151" hits="3" branch="false"/>
            <line number="152" hits="3" branch="false"/>
            <line number="153" hits="3" branch="false"/>
            <line number="154" hits="3" branch="false"/>
            <line number="166" hits="1" branch="false"/>
            <line number="167" hits="1" branch="false"/>
            <line number="174" hits="1" branch="true" condition-coverage="100% (2/2)"/>
            <line number="175" hits="1" branch="false"/>
            <line number="176" hits="1" branch="false"/>
            <line number="180" hits="1" branch="false"/>
            <line number="181" hits="1" branch="false"/>
            <line number="182" hits="1" branch="false"/>
            <line number="187" hits="2" branch="true" condition-coverage="100% (1/1)"/>
            <line number="191" hits="2" branch="false"/>
            <line number="192" hits="2" branch="false"/>
            <line number="193" hits="2" branch="false"/>
            <line number="194" hits="2" branch="false"/>
            <line number="195" hits="2" branch="false"/>
            <line number="199" hits="1" branch="false"/>
            <line number="200" hits="1" branch="false"/>
            <line number="203" hits="1" branch="false"/>
            <line number="204" hits="2" branch="false"/>
            <line number="214" hits="1" branch="false"/>
            <line number="220" hits="86" branch="false"/>
            <line number="221" hits="86" branch="false"/>
            <line number="222" hits="86" branch="false"/>
            <line number="239" hits="40" branch="true" condition-coverage="100% (2/2)"/>
            <line number="240" hits="40" branch="false"/>
            <line number="241" hits="40" branch="false"/>
            <line number="243" hits="40" branch="false"/>
            <line number="247" hits="52" branch="false"/>
            <line number="249" hits="52" branch="true" condition-coverage="100% (2/2)"/>
            <line number="250" hits="4" branch="false"/>
            <line number="251" hits="4" branch="true" condition-coverage="100% (2/2)"/>
            <line number="256" hits="2" branch="false"/>
            <line number="261" hits="50" branch="false"/>
            <line number="265" hits="50" branch="false"/>
            <line number="267" hits="50" branch="true" condition-coverage="100% (2/2)"/>
            <line number="268" hits="2" branch="false"/>
            <line number="276" hits="48" branch="false"/>
            <line number="287" hits="5" branch="true" condition-coverage="100% (5/5)"/>
            <line number="288" hits="1" branch="false"/>
            <line number="291" hits="4" branch="false"/>
            <line number="292" hits="4" branch="false"/>
            <line number="293" hits="5" branch="false"/>
            <line number="306" hits="4" branch="false"/>
            <line number="315" hits="34" branch="false"/>
            <line number="316" hits="34" branch="false"/>
            <line number="320" hits="57" branch="false"/>
            <line number="321" hits="57" branch="false"/>
            <line number="322" hits="56" branch="false"/>
            <line number="337" hits="21" branch="true" condition-coverage="100% (4/4)"/>
            <line number="339" hits="12" branch="false"/>
            <line number="352" hits="12" branch="true" condition-coverage="100% (2/2)"/>
            <line number="353" hits="9" branch="false"/>
            <line number="355" hits="3" branch="false"/>
            <line number="359" hits="60" branch="false"/>
            <line number="360" hits="60" branch="false"/>
            <line number="361" hits="60" branch="false"/>
            <line number="362" hits="60" branch="false"/>
            <line number="368" hits="32" branch="false"/>
            <line number="369" hits="32" branch="false"/>
            <line number="370" hits="32" branch="false"/>
            <line number="371" hits="32" branch="false"/>
            <line number="372" hits="32" branch="false"/>
            <line number="373" hits="32" branch="false"/>
            <line number="374" hits="32" branch="false"/>
            <line number="382" hits="54" branch="false"/>
            <line number="390" hits="52" branch="true" condition-coverage="100% (2/2)"/>
            <line number="391" hits="1" branch="false"/>
            <line number="394" hits="51" branch="true" condition-coverage="100% (4/4)"/>
            <line number="400" hits="45" branch="true" condition-coverage="100% (2/2)"/>
            <line number="405" hits="1" branch="false"/>
            <line number="408" hits="44" branch="true" condition-coverage="100% (2/2)"/>
            <line number="409" hits="1" branch="false"/>
            <line number="412" hits="43" branch="true" condition-coverage="100% (2/2)"/>
            <line number="413" hits="1" branch="false"/>
            <line number="417" hits="42" branch="false"/>
            <line number="419" hits="42" branch="false"/>
            <line number="420" hits="42" branch="false"/>
            <line number="423" hits="6" branch="true" condition-coverage="100% (2/2)"/>
            <line number="426" hits="1" branch="false"/>
            <line number="427" hits="1" branch="false"/>
            <line number="428" hits="1" branch="false"/>
            <line number="431" hits="5" branch="false"/>
            <line number="436" hits="45" branch="true" condition-coverage="100% (1/1)"/>
            <line number="440" hits="45" branch="false"/>
            <line number="441" hits="45" branch="false"/>
            <line number="442" hits="99" branch="false"/>
            <line number="443" hits="99" branch="false"/>
            <line number="446" hits="99" branch="true" condition-coverage="100% (1/1)"/>
            <line number="450" hits="99" branch="false"/>
            <line number="452" hits="45" branch="false"/>
            <line number="456" hits="48" branch="false"/>
            <line number="457" hits="48" branch="false"/>
            <line number="458" hits="48" branch="false"/>
            <line number="459" hits="48" branch="false"/>
            <line number="463" hits="24" branch="false"/>
            <line number="464" hits="24" branch="false"/>
            <line number="466" hits="24" branch="false"/>
            <line number="470" hits="26" branch="false"/>
            <line number="471" hits="26" branch="false"/>
            <line number="472" hits="26" branch="false"/>
            <line number="473" hits="26" branch="false"/>
            <line number="475" hits="26" branch="false"/>
            <line number="481" hits="5" branch="false"/>
            <line number="482" hits="5" branch="false"/>
            <line number="489" hits="5" branch="false"/>
            <line number="490" hits="5" branch="false"/>
            <line number="491" hits="5" branch="false"/>
            <line number="492" hits="5" branch="true" condition-coverage="100% (2/2)"/>
            <line number="493" hits="5" branch="false"/>
            <line number="517" hits="9" branch="true" condition-coverage="100% (2/2)"/>
            <line number="518" hits="1" branch="false"/>
            <line number="521" hits="8" branch="true" condition-coverage="100% (2/2)"/>
            <line number="522" hits="1" branch="false"/>
            <line number="525" hits="7" branch="true" condition-coverage="100% (2/2)"/>
            <line number="526" hits="1" branch="false"/>
            <line number="529" hits="6" branch="true" condition-coverage="100% (2/2)"/>
            <line number="530" hits="2" branch="true" condition-coverage="100% (4/4)"/>
            <line number="531" hits="1" branch="false"/>
            <line number="534" hits="1" branch="false"/>
            <line number="536" hits="4" branch="false"/>
            <line number="539" hits="5" branch="false"/>
            <line number="540" hits="5" branch="false"/>
            <line number="544" hits="1" branch="false"/>
            <line number="545" hits="1" branch="false"/>
            <line number="546" hits="1" branch="false"/>
            <line number="552" hits="4" branch="false"/>
            <line number="553" hits="4" branch="false"/>
            <line number="555" hits="4" branch="false"/>
            <line number="556" hits="4" branch="false"/>
            <line number="561" hits="4" branch="true" condition-coverage="100% (1/1)"/>
            <line number="565" hits="4" branch="true" condition-coverage="100% (2/2)"/>
            <line number="566" hits="3" branch="false"/>
            <line number="567" hits="3" branch="false"/>
            <line number="568" hits="3" branch="false"/>
            <line number="571" hits="1" branch="false"/>
            <line number="575" hits="4" branch="false"/>
            <line number="581" hits="4" branch="false"/>
            <line number="582" hits="4" branch="false"/>
            <line number="586" hits="4" branch="false"/>
            <line number="587" hits="3" branch="false"/>
            <line number="591" hits="3" branch="false"/>
            <line number="592" hits="3" branch="false"/>
            <line number="593" hits="3" branch="false"/>
            <line number="619" hits="3" branch="true" condition-coverage="100% (3/3)"/>
            <line number="624" hits="3" branch="true" condition-coverage="100% (1/1)"/>
            <line number="629" hits="3" branch="true" condition-coverage="100% (1/1)"/>
            <line number="633" hits="3" branch="false"/>
            <line number="634" hits="3" branch="false"/>
            <line number="636" hits="3" branch="false"/>
            <line number="639" hits="3" branch="false"/>
            <line number="642" hits="3" branch="false"/>
            <line number="646" hits="3" branch="false"/>
            <line number="647" hits="3" branch="false"/>
            <line number="648" hits="2" branch="false"/>
            <line number="649" hits="2" branch="false"/>
            <line number="653" hits="2" branch="false"/>
            <line number="654" hits="2" branch="false"/>
            <line number="658" hits="2" branch="false"/>
            <line number="664" hits="40" branch="false"/>
            <line number="665" hits="40" branch="false"/>
            <line number="672" hits="3" branch="true" condition-coverage="100% (2/2)"/>
            <line number="673" hits="1" branch="false"/>
            <line number="685" hits="176" branch="false"/>
            <line number="687" hits="176" branch="false"/>
            <line number="688" hits="2378" branch="true" condition-coverage="100% (2/2)"/>
            <line number="689" hits="843" branch="false"/>
            <line number="693" hits="176" branch="false"/>
            <line number="697" hits="115" branch="true" condition-coverage="100% (2/2)"/>
            <line number="698" hits="61" branch="false"/>
            <line number="700" hits="61" branch="false"/>
            <line number="701" hits="80" branch="false"/>
            <line number="704" hits="61" branch="false"/>
            <line number="708" hits="109" branch="true" condition-coverage="100% (2/2)"/>
            <line number="710" hits="59" branch="false"/>
            <line number="711" hits="80" branch="false"/>
            <line number="716" hits="47" branch="true" condition-coverage="100% (2/2)"/>
            <line number="717" hits="12" branch="false"/>
            <line number="720" hits="12" branch="true" condition-coverage="100% (2/2)"/>
            <line number="721" hits="10" branch="false"/>
            <line number="722" hits="10" branch="true" condition-coverage="100% (2/2)"/>
            <line number="723" hits="2" branch="true" condition-coverage="100% (2/2)"/>
            <line number="724" hits="1" branch="false"/>
            <line number="726" hits="1" branch="false"/>
            <line number="731" hits="2" branch="false"/>
            <line number="732" hits="2" branch="true" condition-coverage="100% (2/2)"/>
            <line number="733" hits="2" branch="false"/>
            <line number="734" hits="2" branch="true" condition-coverage="100% (2/2)"/>
            <line number="735" hits="1" branch="true" condition-coverage="50% (1/2)"/>
            <line number="736" hits="1" branch="false"/>
            <line number="738" hits="0" branch="false"/>
            <line number="741" hits="1" branch="false"/>
            <line number="742" hits="1" branch="false"/>
            <line number="746" hits="11" branch="false"/>
            <line number="749" hits="46" branch="false"/>
            <line number="752" hits="1" branch="false"/>
          </lines>
        </class>
        <class name="parse.js" filename="src/parse.js" line-rate="1" branch-rate="1">
          <methods>
            <method name="parse" hits="40" signature="()V">
              <lines>
                <line number="72" hits="40"/>
              </lines>
            </method>
            <method name="(anonymous_1)" hits="49" signature="()V">
              <lines>
                <line number="95" hits="49"/>
              </lines>
            </method>
            <method name="readString" hits="58" signature="()V">
              <lines>
                <line number="111" hits="58"/>
              </lines>
            </method>
            <method name="readValue" hits="27" signature="()V">
              <lines>
                <line number="125" hits="27"/>
              </lines>
            </method>
            <method name="readRanges" hits="9" signature="()V">
              <lines>
                <line number="150" hits="9"/>
              </lines>
            </method>
            <method name="parseNumber" hits="14" signature="()V">
              <lines>
                <line number="165" hits="14"/>
              </lines>
            </method>
            <method name="parseId" hits="71" signature="()V">
              <lines>
                <line number="197" hits="71"/>
              </lines>
            </method>
            <method name="parsePackage" hits="6" signature="()V">
              <lines>
                <line number="223" hits="6"/>
              </lines>
            </method>
            <method name="parseImport" hits="3" signature="()V">
              <lines>
                <line number="236" hits="3"/>
              </lines>
            </method>
            <method name="parseSyntax" hits="39" signature="()V">
              <lines>
                <line number="256" hits="39"/>
              </lines>
            </method>
            <method name="parseCommon" hits="101" signature="()V">
              <lines>
                <line number="267" hits="101"/>
              </lines>
            </method>
            <method name="ifBlock" hits="105" signature="()V">
              <lines>
                <line number="293" hits="105"/>
              </lines>
            </method>
            <method name="parseType" hits="31" signature="()V">
              <lines>
                <line number="313" hits="31"/>
              </lines>
            </method>
            <method name="(anonymous_13)" hits="57" signature="()V">
              <lines>
                <line number="318" hits="57"/>
              </lines>
            </method>
            <method name="parseField" hits="47" signature="()V">
              <lines>
                <line number="356" hits="47"/>
              </lines>
            </method>
            <method name="(anonymous_15)" hits="0" signature="()V">
              <lines>
                <line number="377" hits="0"/>
              </lines>
            </method>
            <method name="(anonymous_16)" hits="45" signature="()V">
              <lines>
                <line number="384" hits="45"/>
              </lines>
            </method>
            <method name="parseGroup" hits="1" signature="()V">
              <lines>
                <line number="402" hits="1"/>
              </lines>
            </method>
            <method name="(anonymous_18)" hits="3" signature="()V">
              <lines>
                <line number="417" hits="3"/>
              </lines>
            </method>
            <method name="parseMapField" hits="3" signature="()V">
              <lines>
                <line number="438" hits="3"/>
              </lines>
            </method>
            <method name="(anonymous_20)" hits="0" signature="()V">
              <lines>
                <line number="466" hits="0"/>
              </lines>
            </method>
            <method name="(anonymous_21)" hits="3" signature="()V">
              <lines>
                <line number="473" hits="3"/>
              </lines>
            </method>
            <method name="parseOneOf" hits="1" signature="()V">
              <lines>
                <line number="480" hits="1"/>
              </lines>
            </method>
            <method name="(anonymous_23)" hits="3" signature="()V">
              <lines>
                <line number="485" hits="3"/>
              </lines>
            </method>
            <method name="parseEnum" hits="5" signature="()V">
              <lines>
                <line number="497" hits="5"/>
              </lines>
            </method>
            <method name="(anonymous_25)" hits="14" signature="()V">
              <lines>
                <line number="502" hits="14"/>
              </lines>
            </method>
            <method name="parseEnumValue" hits="9" signature="()V">
              <lines>
                <line number="520" hits="9"/>
              </lines>
            </method>
            <method name="(anonymous_27)" hits="0" signature="()V">
              <lines>
                <line number="529" hits="0"/>
              </lines>
            </method>
            <method name="(anonymous_28)" hits="9" signature="()V">
              <lines>
                <line number="536" hits="9"/>
              </lines>
            </method>
            <method name="parseOption" hits="26" signature="()V">
              <lines>
                <line number="543" hits="26"/>
              </lines>
            </method>
            <method name="parseOptionValue" hits="28" signature="()V">
              <lines>
                <line number="564" hits="28"/>
              </lines>
            </method>
            <method name="setOption" hits="27" signature="()V">
              <lines>
                <line number="586" hits="27"/>
              </lines>
            </method>
            <method name="parseInlineOptions" hits="57" signature="()V">
              <lines>
                <line number="590" hits="57"/>
              </lines>
            </method>
            <method name="parseService" hits="4" signature="()V">
              <lines>
                <line number="600" hits="4"/>
              </lines>
            </method>
            <method name="(anonymous_34)" hits="5" signature="()V">
              <lines>
                <line number="605" hits="5"/>
              </lines>
            </method>
            <method name="parseMethod" hits="3" signature="()V">
              <lines>
                <line number="615" hits="3"/>
              </lines>
            </method>
            <method name="(anonymous_36)" hits="2" signature="()V">
              <lines>
                <line number="660" hits="2"/>
              </lines>
            </method>
            <method name="parseExtension" hits="3" signature="()V">
              <lines>
                <line number="670" hits="3"/>
              </lines>
            </method>
            <method name="(anonymous_38)" hits="3" signature="()V">
              <lines>
                <line number="675" hits="3"/>
              </lines>
            </method>
          </methods>
          <lines>
            <line number="3" hits="1" branch="false"/>
            <line number="5" hits="1" branch="false"/>
            <line number="6" hits="1" branch="false"/>
            <line number="14" hits="1" branch="false"/>
            <line number="15" hits="1" branch="false"/>
            <line number="16" hits="1" branch="false"/>
            <line number="27" hits="1" branch="false"/>
            <line number="29" hits="1" branch="false"/>
            <line number="30" hits="1" branch="false"/>
            <line number="31" hits="1" branch="false"/>
            <line number="32" hits="1" branch="false"/>
            <line number="33" hits="1" branch="false"/>
            <line number="34" hits="1" branch="false"/>
            <line number="35" hits="1" branch="false"/>
            <line number="36" hits="1" branch="false"/>
            <line number="37" hits="1" branch="false"/>
            <line number="38" hits="1" branch="false"/>
            <line number="74" hits="40" branch="false"/>
            <line number="76" hits="40" branch="false"/>
            <line number="78" hits="40" branch="true" condition-coverage="100% (2/2)"/>
            <line number="79" hits="40" branch="false"/>
            <line number="80" hits="40" branch="false"/>
            <line number="81" hits="40" branch="false"/>
            <line number="82" hits="40" branch="false"/>
            <line number="83" hits="40" branch="false"/>
            <line number="85" hits="40" branch="false"/>
            <line number="90" hits="40" branch="false"/>
            <line number="92" hits="40" branch="false"/>
            <line number="94" hits="40" branch="true" condition-coverage="100% (2/2)"/>
            <line number="96" hits="49" branch="false"/>
            <line number="112" hits="58" branch="false"/>
            <line number="114" hits="58" branch="false"/>
            <line number="116" hits="58" branch="true" condition-coverage="100% (3/3)"/>
            <line number="118" hits="58" branch="false"/>
            <line number="119" hits="58" branch="false"/>
            <line number="120" hits="58" branch="false"/>
            <line number="122" hits="58" branch="false"/>
            <line number="126" hits="27" branch="false"/>
            <line number="127" hits="27" branch="true" condition-coverage="100% (6/6)"/>
            <line number="130" hits="11" branch="false"/>
            <line number="131" hits="11" branch="false"/>
            <line number="134" hits="1" branch="false"/>
            <line number="137" hits="1" branch="false"/>
            <line number="139" hits="14" branch="false"/>
            <line number="140" hits="14" branch="false"/>
            <line number="143" hits="5" branch="true" condition-coverage="100% (3/3)"/>
            <line number="153" hits="9" branch="false"/>
            <line number="154" hits="14" branch="true" condition-coverage="100% (5/5)"/>
            <line number="155" hits="6" branch="false"/>
            <line number="157" hits="8" branch="false"/>
            <line number="162" hits="9" branch="false"/>
            <line number="166" hits="14" branch="false"/>
            <line number="167" hits="14" branch="true" condition-coverage="100% (2/2)"/>
            <line number="168" hits="1" branch="false"/>
            <line number="169" hits="1" branch="false"/>
            <line number="186" hits="11" branch="true" condition-coverage="100% (2/2)"/>
            <line number="187" hits="7" branch="true" condition-coverage="100% (2/2)"/>
            <line number="188" hits="6" branch="true" condition-coverage="100% (2/2)"/>
            <line number="198" hits="71" branch="true" condition-coverage="100% (4/4)"/>
            <line number="202" hits="1" branch="false"/>
            <line number="204" hits="1" branch="false"/>
            <line number="208" hits="69" branch="true" condition-coverage="100% (3/3)"/>
            <line number="225" hits="6" branch="true" condition-coverage="100% (1/1)"/>
            <line number="227" hits="6" branch="false"/>
            <line number="230" hits="6" branch="true" condition-coverage="100% (1/1)"/>
            <line number="232" hits="5" branch="false"/>
            <line number="233" hits="4" branch="false"/>
            <line number="237" hits="3" branch="false"/>
            <line number="239" hits="3" branch="true" condition-coverage="100% (3/3)"/>
            <line number="241" hits="1" branch="true" condition-coverage="100% (2/2)"/>
            <line number="242" hits="1" branch="false"/>
            <line number="243" hits="1" branch="false"/>
            <line number="245" hits="1" branch="false"/>
            <line number="248" hits="2" branch="true" condition-coverage="100% (2/2)"/>
            <line number="249" hits="2" branch="false"/>
            <line number="251" hits="3" branch="false"/>
            <line number="252" hits="3" branch="false"/>
            <line number="253" hits="3" branch="false"/>
            <line number="257" hits="39" branch="false"/>
            <line number="258" hits="38" branch="false"/>
            <line number="259" hits="38" branch="false"/>
            <line number="264" hits="38" branch="false"/>
            <line number="268" hits="101" branch="true" condition-coverage="100% (5/5)"/>
            <line number="270" hits="5" branch="false"/>
            <line number="271" hits="5" branch="false"/>
            <line number="272" hits="5" branch="false"/>
            <line number="275" hits="31" branch="false"/>
            <line number="276" hits="26" branch="false"/>
            <line number="279" hits="5" branch="false"/>
            <line number="280" hits="1" branch="false"/>
            <line number="283" hits="4" branch="false"/>
            <line number="284" hits="4" branch="false"/>
            <line number="287" hits="3" branch="false"/>
            <line number="288" hits="3" branch="false"/>
            <line number="290" hits="53" branch="false"/>
            <line number="294" hits="105" branch="false"/>
            <line number="295" hits="105" branch="true" condition-coverage="100% (2/2)"/>
            <line number="296" hits="102" branch="true" condition-coverage="100% (2/2)"/>
            <line number="297" hits="99" branch="false"/>
            <line number="299" hits="102" branch="false"/>
            <line number="301" hits="105" branch="true" condition-coverage="100% (2/2)"/>
            <line number="303" hits="87" branch="false"/>
            <line number="304" hits="37" branch="false"/>
            <line number="306" hits="59" branch="true" condition-coverage="100% (2/2)"/>
            <line number="307" hits="59" branch="false"/>
            <line number="308" hits="59" branch="true" condition-coverage="100% (4/4)"/>
            <line number="309" hits="52" branch="false"/>
            <line number="315" hits="31" branch="true" condition-coverage="100% (1/1)"/>
            <line number="317" hits="31" branch="false"/>
            <line number="318" hits="31" branch="false"/>
            <line number="319" hits="57" branch="true" condition-coverage="100% (2/2)"/>
            <line number="321" hits="49" branch="true" condition-coverage="100% (8/8)"/>
            <line number="323" hits="3" branch="false"/>
            <line number="324" hits="3" branch="false"/>
            <line number="329" hits="5" branch="false"/>
            <line number="330" hits="5" branch="false"/>
            <line number="333" hits="1" branch="false"/>
            <line number="334" hits="1" branch="false"/>
            <line number="337" hits="1" branch="true" condition-coverage="100% (2/2)"/>
            <line number="338" hits="1" branch="false"/>
            <line number="341" hits="4" branch="true" condition-coverage="100% (2/2)"/>
            <line number="342" hits="4" branch="false"/>
            <line number="346" hits="35" branch="true" condition-coverage="100% (3/3)"/>
            <line number="348" hits="35" branch="false"/>
            <line number="349" hits="35" branch="false"/>
            <line number="350" hits="30" branch="false"/>
            <line number="353" hits="26" branch="false"/>
            <line number="357" hits="47" branch="false"/>
            <line number="358" hits="47" branch="true" condition-coverage="100% (2/2)"/>
            <line number="359" hits="1" branch="false"/>
            <line number="360" hits="1" branch="false"/>
            <line number="364" hits="46" branch="true" condition-coverage="100% (1/1)"/>
            <line number="366" hits="46" branch="false"/>
            <line number="369" hits="46" branch="true" condition-coverage="100% (1/1)"/>
            <line number="371" hits="46" branch="false"/>
            <line number="372" hits="46" branch="false"/>
            <line number="374" hits="46" branch="false"/>
            <line number="375" hits="45" branch="false"/>
            <line number="385" hits="45" branch="false"/>
            <line number="388" hits="45" branch="false"/>
            <line number="403" hits="1" branch="false"/>
            <line number="406" hits="1" branch="true" condition-coverage="100% (1/1)"/>
            <line number="408" hits="1" branch="false"/>
            <line number="411" hits="1" branch="false"/>
            <line number="412" hits="1" branch="false"/>
            <line number="413" hits="1" branch="false"/>
            <line number="414" hits="1" branch="false"/>
            <line number="415" hits="1" branch="false"/>
            <line number="416" hits="1" branch="false"/>
            <line number="417" hits="1" branch="false"/>
            <line number="418" hits="3" branch="true" condition-coverage="100% (4/4)"/>
            <line number="420" hits="1" branch="false"/>
            <line number="421" hits="1" branch="false"/>
            <line number="422" hits="1" branch="false"/>
            <line number="427" hits="2" branch="false"/>
            <line number="428" hits="2" branch="false"/>
            <line number="435" hits="1" branch="false"/>
            <line number="439" hits="3" branch="false"/>
            <line number="440" hits="3" branch="false"/>
            <line number="443" hits="3" branch="true" condition-coverage="100% (1/1)"/>
            <line number="445" hits="3" branch="false"/>
            <line number="446" hits="3" branch="false"/>
            <line number="449" hits="3" branch="true" condition-coverage="100% (1/1)"/>
            <line number="451" hits="3" branch="false"/>
            <line number="452" hits="3" branch="false"/>
            <line number="455" hits="3" branch="true" condition-coverage="100% (1/1)"/>
            <line number="457" hits="3" branch="false"/>
            <line number="458" hits="3" branch="false"/>
            <line number="464" hits="3" branch="false"/>
            <line number="474" hits="3" branch="false"/>
            <line number="477" hits="3" branch="false"/>
            <line number="482" hits="1" branch="true" condition-coverage="100% (1/1)"/>
            <line number="484" hits="1" branch="false"/>
            <line number="485" hits="1" branch="false"/>
            <line number="486" hits="3" branch="true" condition-coverage="100% (2/2)"/>
            <line number="487" hits="1" branch="false"/>
            <line number="488" hits="1" branch="false"/>
            <line number="490" hits="2" branch="false"/>
            <line number="491" hits="2" branch="false"/>
            <line number="494" hits="1" branch="false"/>
            <line number="499" hits="5" branch="true" condition-coverage="100% (1/1)"/>
            <line number="501" hits="5" branch="false"/>
            <line number="502" hits="5" branch="false"/>
            <line number="503" hits="14" branch="true" condition-coverage="100% (3/3)"/>
            <line number="505" hits="1" branch="false"/>
            <line number="506" hits="1" branch="false"/>
            <line number="507" hits="1" branch="false"/>
            <line number="510" hits="4" branch="true" condition-coverage="100% (2/2)"/>
            <line number="511" hits="4" branch="false"/>
            <line number="514" hits="9" branch="false"/>
            <line number="517" hits="1" branch="false"/>
            <line number="522" hits="9" branch="true" condition-coverage="100% (1/1)"/>
            <line number="524" hits="9" branch="false"/>
            <line number="525" hits="9" branch="false"/>
            <line number="526" hits="9" branch="false"/>
            <line number="527" hits="9" branch="false"/>
            <line number="537" hits="9" branch="false"/>
            <line number="540" hits="9" branch="false"/>
            <line number="544" hits="26" branch="false"/>
            <line number="547" hits="26" branch="true" condition-coverage="100% (1/1)"/>
            <line number="549" hits="26" branch="false"/>
            <line number="550" hits="26" branch="true" condition-coverage="100% (2/2)"/>
            <line number="551" hits="11" branch="false"/>
            <line number="552" hits="11" branch="false"/>
            <line number="553" hits="11" branch="false"/>
            <line number="560" hits="26" branch="false"/>
            <line number="561" hits="26" branch="false"/>
            <line number="565" hits="28" branch="true" condition-coverage="100% (2/2)"/>
            <line number="567" hits="4" branch="false"/>
            <line number="569" hits="5" branch="true" condition-coverage="100% (1/1)"/>
            <line number="571" hits="5" branch="true" condition-coverage="100% (2/2)"/>
            <line number="575" hits="4" branch="false"/>
            <line number="576" hits="4" branch="true" condition-coverage="100% (2/2)"/>
            <line number="577" hits="3" branch="false"/>
            <line number="582" hits="24" branch="false"/>
            <line number="587" hits="27" branch="true" condition-coverage="100% (2/2)"/>
            <line number="591" hits="57" branch="true" condition-coverage="100% (2/2)"/>
            <line number="592" hits="11" branch="false"/>
            <line number="593" hits="13" branch="false"/>
            <line number="595" hits="11" branch="false"/>
            <line number="597" hits="57" branch="false"/>
            <line number="602" hits="4" branch="true" condition-coverage="100% (1/1)"/>
            <line number="604" hits="4" branch="false"/>
            <line number="605" hits="4" branch="false"/>
            <line number="606" hits="5" branch="true" condition-coverage="100% (2/2)"/>
            <line number="609" hits="3" branch="true" condition-coverage="100% (1/1)"/>
            <line number="612" hits="4" branch="false"/>
            <line number="618" hits="3" branch="false"/>
            <line number="620" hits="3" branch="false"/>
            <line number="623" hits="3" branch="true" condition-coverage="100% (1/1)"/>
            <line number="625" hits="3" branch="false"/>
            <line number="631" hits="3" branch="false"/>
            <line number="636" hits="3" branch="true" condition-coverage="100% (1/1)"/>
            <line number="638" hits="3" branch="false"/>
            <line number="639" hits="3" branch="false"/>
            <line number="640" hits="3" branch="false"/>
            <line number="641" hits="3" branch="false"/>
            <line number="646" hits="3" branch="true" condition-coverage="100% (1/1)"/>
            <line number="648" hits="3" branch="false"/>
            <line number="649" hits="3" branch="false"/>
            <line number="651" hits="3" branch="false"/>
            <line number="659" hits="3" branch="false"/>
            <line number="660" hits="3" branch="false"/>
            <line number="662" hits="2" branch="true" condition-coverage="100% (1/1)"/>
            <line number="663" hits="2" branch="false"/>
            <line number="664" hits="2" branch="false"/>
            <line number="667" hits="3" branch="false"/>
            <line number="672" hits="3" branch="true" condition-coverage="100% (1/1)"/>
            <line number="674" hits="3" branch="false"/>
            <line number="675" hits="3" branch="false"/>
            <line number="676" hits="3" branch="true" condition-coverage="100% (4/4)"/>
            <line number="680" hits="1" branch="false"/>
            <line number="681" hits="1" branch="false"/>
            <line number="685" hits="2" branch="true" condition-coverage="100% (3/3)"/>
            <line number="686" hits="2" branch="false"/>
            <line number="687" hits="2" branch="false"/>
            <line number="688" hits="2" branch="false"/>
            <line number="694" hits="40" branch="false"/>
            <line number="695" hits="90" branch="true" condition-coverage="100% (5/5)"/>
            <line number="698" hits="6" branch="true" condition-coverage="100% (1/1)"/>
            <line number="700" hits="6" branch="false"/>
            <line number="701" hits="4" branch="false"/>
            <line number="705" hits="3" branch="true" condition-coverage="100% (1/1)"/>
            <line number="707" hits="3" branch="false"/>
            <line number="708" hits="3" branch="false"/>
            <line number="712" hits="39" branch="true" condition-coverage="100% (1/1)"/>
            <line number="714" hits="39" branch="false"/>
            <line number="715" hits="38" branch="false"/>
            <line number="718" hits="3" branch="false"/>
            <line number="719" hits="3" branch="false"/>
            <line number="720" hits="3" branch="false"/>
            <line number="724" hits="39" branch="true" condition-coverage="100% (1/1)"/>
            <line number="725" hits="29" branch="false"/>
            <line number="726" hits="29" branch="false"/>
            <line number="734" hits="27" branch="false"/>
            <line number="736" hits="27" branch="true" condition-coverage="100% (2/2)"/>
            <line number="737" hits="2" branch="false"/>
            <line number="738" hits="2" branch="false"/>
            <line number="739" hits="25" branch="true" condition-coverage="100% (2/2)"/>
            <line number="740" hits="22" branch="false"/>
            <line number="741" hits="22" branch="false"/>
            <line number="744" hits="26" branch="true" condition-coverage="100% (2/2)"/>
            <line number="745" hits="25" branch="false"/>
            <line number="748" hits="26" branch="false"/>
          </lines>
        </class>
        <class name="tokenize.js" filename="src/tokenize.js" line-rate="1" branch-rate="1">
          <methods>
            <method name="unescape" hits="58" signature="()V">
              <lines>
                <line number="29" hits="58"/>
              </lines>
            </method>
            <method name="(anonymous_1)" hits="0" signature="()V">
              <lines>
                <line number="30" hits="0"/>
              </lines>
            </method>
            <method name="tokenize" hits="40" signature="()V">
              <lines>
                <line number="101" hits="40"/>
              </lines>
            </method>
            <method name="readString" hits="58" signature="()V">
              <lines>
                <line number="138" hits="58"/>
              </lines>
            </method>
            <method name="charAt" hits="7279" signature="()V">
              <lines>
                <line number="156" hits="7279"/>
              </lines>
            </method>
            <method name="setComment" hits="37" signature="()V">
              <lines>
                <line number="167" hits="37"/>
              </lines>
            </method>
            <method name="isDoubleSlashCommentLine" hits="56" signature="()V">
              <lines>
                <line number="195" hits="56"/>
              </lines>
            </method>
            <method name="findEndOfLine" hits="84" signature="()V">
              <lines>
                <line number="207" hits="84"/>
              </lines>
            </method>
            <method name="next" hits="1634" signature="()V">
              <lines>
                <line number="221" hits="1634"/>
              </lines>
            </method>
            <method name="push" hits="625" signature="()V">
              <lines>
                <line number="333" hits="625"/>
              </lines>
            </method>
            <method name="peek" hits="807" signature="()V">
              <lines>
                <line number="342" hits="807"/>
              </lines>
            </method>
            <method name="skip" hits="662" signature="()V">
              <lines>
                <line number="359" hits="662"/>
              </lines>
            </method>
            <method name="cmnt" hits="154" signature="()V">
              <lines>
                <line number="376" hits="154"/>
              </lines>
            </method>
            <method name="(anonymous_13)" hits="113" signature="()V">
              <lines>
                <line number="417" hits="113"/>
              </lines>
            </method>
          </methods>
          <lines>
            <line number="3" hits="1" branch="false"/>
            <line number="5" hits="1" branch="false"/>
            <line number="6" hits="1" branch="false"/>
            <line number="7" hits="1" branch="false"/>
            <line number="9" hits="1" branch="false"/>
            <line number="10" hits="1" branch="false"/>
            <line number="11" hits="1" branch="false"/>
            <line number="12" hits="1" branch="false"/>
            <line number="13" hits="1" branch="false"/>
            <line number="15" hits="1" branch="false"/>
            <line number="30" hits="58" branch="false"/>
            <line number="42" hits="1" branch="false"/>
            <line number="103" hits="40" branch="false"/>
            <line number="105" hits="40" branch="false"/>
            <line number="106" hits="40" branch="false"/>
            <line number="107" hits="40" branch="false"/>
            <line number="108" hits="40" branch="false"/>
            <line number="109" hits="40" branch="false"/>
            <line number="110" hits="40" branch="false"/>
            <line number="111" hits="40" branch="false"/>
            <line number="112" hits="40" branch="false"/>
            <line number="114" hits="40" branch="false"/>
            <line number="116" hits="40" branch="false"/>
            <line number="139" hits="58" branch="true" condition-coverage="100% (2/2)"/>
            <line number="140" hits="58" branch="false"/>
            <line number="141" hits="58" branch="false"/>
            <line number="144" hits="58" branch="false"/>
            <line number="145" hits="58" branch="false"/>
            <line number="146" hits="58" branch="false"/>
            <line number="147" hits="58" branch="false"/>
            <line number="157" hits="7279" branch="false"/>
            <line number="168" hits="37" branch="false"/>
            <line number="169" hits="37" branch="false"/>
            <line number="170" hits="37" branch="false"/>
            <line number="172" hits="37" branch="true" condition-coverage="100% (2/2)"/>
            <line number="173" hits="36" branch="false"/>
            <line number="175" hits="1" branch="false"/>
            <line number="177" hits="37" branch="false"/>
            <line number="179" hits="37" branch="false"/>
            <line number="180" hits="55" branch="true" condition-coverage="100% (4/4)"/>
            <line number="181" hits="25" branch="false"/>
            <line number="182" hits="25" branch="false"/>
            <line number="185" hits="37" branch="false"/>
            <line number="186" hits="37" branch="false"/>
            <line number="187" hits="71" branch="false"/>
            <line number="191" hits="37" branch="false"/>
            <line number="192" hits="37" branch="false"/>
            <line number="196" hits="56" branch="false"/>
            <line number="199" hits="56" branch="false"/>
            <line number="203" hits="56" branch="true" condition-coverage="100% (2/2)"/>
            <line number="204" hits="56" branch="false"/>
            <line number="209" hits="84" branch="false"/>
            <line number="210" hits="84" branch="true" condition-coverage="100% (2/2)"/>
            <line number="211" hits="1131" branch="false"/>
            <line number="213" hits="84" branch="false"/>
            <line number="222" hits="1634" branch="true" condition-coverage="100% (2/2)"/>
            <line number="223" hits="1017" branch="true" condition-coverage="100% (2/2)"/>
            <line number="229" hits="959" branch="false"/>
            <line number="230" hits="998" branch="true" condition-coverage="100% (2/2)"/>
            <line number="231" hits="975" branch="false"/>
            <line number="232" hits="975" branch="false"/>
            <line number="233" hits="1094" branch="true" condition-coverage="100% (2/2)"/>
            <line number="234" hits="1094" branch="true" condition-coverage="100% (2/2)"/>
            <line number="237" hits="948" branch="true" condition-coverage="100% (2/2)"/>
            <line number="242" hits="39" branch="true" condition-coverage="100% (2/2)"/>
            <line number="244" hits="30" branch="true" condition-coverage="100% (2/2)"/>
            <line number="246" hits="2" branch="false"/>
            <line number="248" hits="2" branch="false"/>
            <line number="254" hits="2" branch="false"/>
            <line number="259" hits="2" branch="false"/>
            <line number="260" hits="2" branch="false"/>
            <line number="263" hits="28" branch="false"/>
            <line number="264" hits="28" branch="false"/>
            <line number="284" hits="28" branch="false"/>
            <line number="285" hits="28" branch="false"/>
            <line number="318" hits="909" branch="false"/>
            <line number="319" hits="909" branch="false"/>
            <line number="320" hits="909" branch="false"/>
            <line number="321" hits="1582" branch="true" condition-coverage="100% (4/4)"/>
            <line number="322" hits="909" branch="false"/>
            <line number="323" hits="909" branch="true" condition-coverage="100% (4/4)"/>
            <line number="324" hits="909" branch="false"/>
            <line number="334" hits="625" branch="false"/>
            <line number="343" hits="807" branch="true" condition-coverage="100% (2/2)"/>
            <line number="344" hits="540" branch="false"/>
            <line number="345" hits="540" branch="true" condition-coverage="100% (2/2)"/>
            <line number="346" hits="517" branch="false"/>
            <line number="348" hits="784" branch="false"/>
            <line number="360" hits="662" branch="false"/>
            <line number="361" hits="662" branch="false"/>
            <line number="362" hits="662" branch="true" condition-coverage="100% (2/2)"/>
            <line number="363" hits="444" branch="false"/>
            <line number="364" hits="444" branch="false"/>
            <line number="366" hits="218" branch="true" condition-coverage="100% (2/2)"/>
            <line number="367" hits="217" branch="false"/>
            <line number="377" hits="154" branch="false"/>
            <line number="378" hits="154" branch="true" condition-coverage="100% (2/2)"/>
            <line number="390" hits="52" branch="true" condition-coverage="100% (1/1)"/>
            <line number="391" hits="51" branch="false"/>
            <line number="404" hits="154" branch="false"/>
            <line number="407" hits="40" branch="false"/>
            <line number="418" hits="113" branch="false"/>
          </lines>
        </class>
        <class name="ts_type.js" filename="src/ts_type.js" line-rate="1" branch-rate="1">
          <methods>
            <method name="getFieldType" hits="58" signature="()V">
              <lines>
                <line number="38" hits="58"/>
              </lines>
            </method>
          </methods>
          <lines>
            <line number="1" hits="1" branch="false"/>
            <line number="21" hits="1" branch="false"/>
            <line number="39" hits="58" branch="true" condition-coverage="100% (2/2)"/>
            <line number="42" hits="58" branch="false"/>
            <line number="47" hits="58" branch="false"/>
            <line number="50" hits="1" branch="false"/>
          </lines>
        </class>
        <class name="types.js" filename="src/types.js" line-rate="1" branch-rate="1">
          <methods>
            <method name="bake" hits="5" signature="()V">
              <lines>
                <line number="29" hits="5"/>
              </lines>
            </method>
          </methods>
          <lines>
            <line number="7" hits="1" branch="false"/>
            <line number="9" hits="1" branch="false"/>
            <line number="11" hits="1" branch="false"/>
            <line number="30" hits="5" branch="false"/>
            <line number="31" hits="5" branch="false"/>
            <line number="32" hits="5" branch="false"/>
            <line number="33" hits="61" branch="false"/>
            <line number="34" hits="5" branch="false"/>
            <line number="57" hits="1" branch="false"/>
            <line number="96" hits="1" branch="false"/>
            <line number="125" hits="1" branch="false"/>
            <line number="153" hits="1" branch="false"/>
            <line number="189" hits="1" branch="false"/>
          </lines>
        </class>
        <class name="util.js" filename="src/util.js" line-rate="1" branch-rate="1">
          <methods>
            <method name="isObject" hits="104" signature="()V">
              <lines>
                <line number="6" hits="104"/>
              </lines>
            </method>
            <method name="isString" hits="214" signature="()V">
              <lines>
                <line number="10" hits="214"/>
              </lines>
            </method>
            <method name="isInteger" hits="58" signature="()V">
              <lines>
                <line number="17" hits="58"/>
              </lines>
            </method>
            <method name="camelCase" hits="1" signature="()V">
              <lines>
                <line number="25" hits="1"/>
              </lines>
            </method>
            <method name="(anonymous_4)" hits="1" signature="()V">
              <lines>
                <line number="28" hits="1"/>
              </lines>
            </method>
            <method name="lcFirst" hits="1" signature="()V">
              <lines>
                <line number="32" hits="1"/>
              </lines>
            </method>
            <method name="ucFirst" hits="1" signature="()V">
              <lines>
                <line number="36" hits="1"/>
              </lines>
            </method>
          </methods>
          <lines>
            <line number="1" hits="1" branch="false"/>
            <line number="7" hits="104" branch="true" condition-coverage="100% (2/2)"/>
            <line number="11" hits="214" branch="false"/>
            <line number="18" hits="58" branch="false"/>
            <line number="26" hits="1" branch="false"/>
            <line number="28" hits="1" branch="false"/>
            <line number="29" hits="1" branch="false"/>
            <line number="33" hits="1" branch="false"/>
            <line number="37" hits="1" branch="false"/>
            <line number="40" hits="1" branch="false"/>
          </lines>
        </class>
      </classes>
    </package>
  </packages>
</coverage>
